Using pre-set license
Built from '2020.2/staging' branch; Version is '2020.2.3f1 (8ff31bc5bf5b) revision 9433883'; Using compiler version '192528614'; Build Type 'Release'
OS: 'Windows 10 Home; OS build 19041.746; Version 2004; 64bit' Language: 'en' Physical Memory: 16120 MB
BatchMode: 1, IsHumanControllingUs: 0, StartBugReporterOnCrash: 0, Is64bit: 1, IsPro: 0

 COMMAND LINE ARGUMENTS:
C:\Program Files\UnityEditors\2020.2.3f1\Editor\Unity.exe
-adb2
-batchMode
-noUpm
-name
AssetImportWorker0
-projectPath
C:/Users/Admin/Documents/Immersive Analytics/VR-workshop-2021/TerrainOfIsland
-logFile
Logs/AssetImportWorker0.log
-srvPort
51403
Successfully changed project path to: C:/Users/Admin/Documents/Immersive Analytics/VR-workshop-2021/TerrainOfIsland
C:/Users/Admin/Documents/Immersive Analytics/VR-workshop-2021/TerrainOfIsland
Using Asset Import Pipeline V2.
Refreshing native plugins compatible for Editor in 20.94 ms, found 0 plugins.
Preloading 0 native plugins for Editor in 0.00 ms.
Initialize engine version: 2020.2.3f1 (8ff31bc5bf5b)
[Subsystems] Discovering subsystems at path C:/Program Files/UnityEditors/2020.2.3f1/Editor/Data/Resources/UnitySubsystems
[Subsystems] Discovering subsystems at path C:/Users/Admin/Documents/Immersive Analytics/VR-workshop-2021/TerrainOfIsland/Assets
GfxDevice: creating device client; threaded=0
Direct3D:
    Version:  Direct3D 11.0 [level 11.1]
    Renderer: NVIDIA GeForce GTX 1050 Ti with Max-Q Design (ID=0x1c8c)
    Vendor:   
    VRAM:     4021 MB
    Driver:   27.21.14.5241
Initialize mono
Mono path[0] = 'C:/Program Files/UnityEditors/2020.2.3f1/Editor/Data/Managed'
Mono path[1] = 'C:/Program Files/UnityEditors/2020.2.3f1/Editor/Data/MonoBleedingEdge/lib/mono/unityjit'
Mono config path = 'C:/Program Files/UnityEditors/2020.2.3f1/Editor/Data/MonoBleedingEdge/etc'
Using monoOptions --debugger-agent=transport=dt_socket,embedding=1,server=y,suspend=n,address=127.0.0.1:56832
Begin MonoManager ReloadAssembly
Registering precompiled unity dll's ...
Register platform support module: C:/Program Files/UnityEditors/2020.2.3f1/Editor/Data/PlaybackEngines/WebGLSupport/UnityEditor.WebGL.Extensions.dll
Register platform support module: C:/Program Files/UnityEditors/2020.2.3f1/Editor/Data/PlaybackEngines/WindowsStandaloneSupport/UnityEditor.WindowsStandalone.Extensions.dll
Register platform support module: C:/Program Files/UnityEditors/2020.2.3f1/Editor/Data/PlaybackEngines/LuminSupport/UnityEditor.Lumin.Extensions.dll
Registered in 0.003484 seconds.
Native extension for Lumin target not found
Native extension for WindowsStandalone target not found
Native extension for WebGL target not found
Refreshing native plugins compatible for Editor in 20.81 ms, found 0 plugins.
Preloading 0 native plugins for Editor in 0.00 ms.
Invoked RoslynAnalysisRunner static constructor.
RoslynAnalysisRunner will not be running.
RoslynAnalysisRunner has terminated.
Mono: successfully reloaded assembly
- Completed reload, in  1.133 seconds
Platform modules already initialized, skipping
Registering precompiled user dll's ...
Registered in 0.000855 seconds.
Begin MonoManager ReloadAssembly
Native extension for Lumin target not found
Native extension for WindowsStandalone target not found
Native extension for WebGL target not found
Refreshing native plugins compatible for Editor in 0.19 ms, found 0 plugins.
Preloading 0 native plugins for Editor in 0.00 ms.
Invoked RoslynAnalysisRunner static constructor.
RoslynAnalysisRunner will not be running.
RoslynAnalysisRunner has terminated.
Mono: successfully reloaded assembly
- Completed reload, in  0.743 seconds
Platform modules already initialized, skipping
========================================================================
Worker process is ready to serve import requests
Launched and connected shader compiler UnityShaderCompiler.exe after 0.07 seconds
Refreshing native plugins compatible for Editor in 0.18 ms, found 0 plugins.
Preloading 0 native plugins for Editor in 0.00 ms.
Unloading 1077 Unused Serialized files (Serialized files now loaded: 0)
System memory in use before: 68.0 MB.
System memory in use after: 68.0 MB.

Unloading 9 unused Assets to reduce memory usage. Loaded Objects now: 1534.
Total: 1.941800 ms (FindLiveObjects: 0.132800 ms CreateObjectMapping: 0.036900 ms MarkObjects: 1.700800 ms  DeleteObjects: 0.070000 ms)

========================================================================
Received Import Request.
  path: Assets/Scenes/PowerUpObject.cs
  artifactKey: Guid(00f293b4c603603418267467b0b16e6e) Importer(815301076,1909f56bfc062723c751e8b465ee728b)
Start importing Assets/Scenes/PowerUpObject.cs using Guid(00f293b4c603603418267467b0b16e6e) Importer(815301076,1909f56bfc062723c751e8b465ee728b)  -> (artifact id: 'a815953930360b62b758bff8a2bb26d6') in 0.081580 seconds
  Import took 0.083256 seconds .

========================================================================
Received Prepare
Registering precompiled user dll's ...
Registered in 0.000705 seconds.
Begin MonoManager ReloadAssembly
Native extension for Lumin target not found
Native extension for WindowsStandalone target not found
Native extension for WebGL target not found
Refreshing native plugins compatible for Editor in 0.18 ms, found 0 plugins.
Preloading 0 native plugins for Editor in 0.00 ms.
Invoked RoslynAnalysisRunner static constructor.
RoslynAnalysisRunner will not be running.
RoslynAnalysisRunner has terminated.
Mono: successfully reloaded assembly
- Completed reload, in  0.732 seconds
Platform modules already initialized, skipping
Refreshing native plugins compatible for Editor in 0.18 ms, found 0 plugins.
Preloading 0 native plugins for Editor in 0.00 ms.
Unloading 1072 Unused Serialized files (Serialized files now loaded: 0)
System memory in use before: 68.0 MB.
System memory in use after: 68.1 MB.

Unloading 4 unused Assets to reduce memory usage. Loaded Objects now: 1536.
Total: 1.652600 ms (FindLiveObjects: 0.133200 ms CreateObjectMapping: 0.033900 ms MarkObjects: 1.472300 ms  DeleteObjects: 0.012300 ms)

========================================================================
Received Import Request.
  Time since last request: 153.831663 seconds.
  path: Assets/Scenes/PlayerInterface.cs
  artifactKey: Guid(3718e75194507a94ea323fc1c277b20f) Importer(815301076,1909f56bfc062723c751e8b465ee728b)
Start importing Assets/Scenes/PlayerInterface.cs using Guid(3718e75194507a94ea323fc1c277b20f) Importer(815301076,1909f56bfc062723c751e8b465ee728b)  -> (artifact id: '25ea694be5b9aff6e29fba3f11f15f43') in 0.007168 seconds
  Import took 0.009950 seconds .

========================================================================
Received Import Request.
  Time since last request: 0.002709 seconds.
  path: Assets/Scenes/PlayerInterface.cs
  artifactKey: Guid(3718e75194507a94ea323fc1c277b20f) Importer(815301076,1909f56bfc062723c751e8b465ee728b)
Start importing Assets/Scenes/PlayerInterface.cs using Guid(3718e75194507a94ea323fc1c277b20f) Importer(815301076,1909f56bfc062723c751e8b465ee728b)  -> (artifact id: '25ea694be5b9aff6e29fba3f11f15f43') in 0.007476 seconds
  Import took 0.009835 seconds .

========================================================================
Received Prepare
Registering precompiled user dll's ...
Registered in 0.000808 seconds.
Begin MonoManager ReloadAssembly
Native extension for Lumin target not found
Native extension for WindowsStandalone target not found
Native extension for WebGL target not found
Refreshing native plugins compatible for Editor in 0.19 ms, found 0 plugins.
Preloading 0 native plugins for Editor in 0.00 ms.
Invoked RoslynAnalysisRunner static constructor.
RoslynAnalysisRunner will not be running.
RoslynAnalysisRunner has terminated.
Mono: successfully reloaded assembly
- Completed reload, in  0.869 seconds
Platform modules already initialized, skipping
Refreshing native plugins compatible for Editor in 0.50 ms, found 0 plugins.
Preloading 0 native plugins for Editor in 0.00 ms.
Unloading 1073 Unused Serialized files (Serialized files now loaded: 0)
System memory in use before: 68.0 MB.
System memory in use after: 68.1 MB.

Unloading 4 unused Assets to reduce memory usage. Loaded Objects now: 1539.
Total: 1.554100 ms (FindLiveObjects: 0.153800 ms CreateObjectMapping: 0.039300 ms MarkObjects: 1.343200 ms  DeleteObjects: 0.016400 ms)

========================================================================
Received Prepare
Registering precompiled user dll's ...
Registered in 0.000802 seconds.
Begin MonoManager ReloadAssembly
Native extension for Lumin target not found
Native extension for WindowsStandalone target not found
Native extension for WebGL target not found
Refreshing native plugins compatible for Editor in 0.18 ms, found 0 plugins.
Preloading 0 native plugins for Editor in 0.00 ms.
Invoked RoslynAnalysisRunner static constructor.
RoslynAnalysisRunner will not be running.
RoslynAnalysisRunner has terminated.
Mono: successfully reloaded assembly
- Completed reload, in  0.703 seconds
Platform modules already initialized, skipping
Refreshing native plugins compatible for Editor in 0.35 ms, found 0 plugins.
Preloading 0 native plugins for Editor in 0.00 ms.
Unloading 1073 Unused Serialized files (Serialized files now loaded: 0)
System memory in use before: 68.0 MB.
System memory in use after: 68.1 MB.

Unloading 4 unused Assets to reduce memory usage. Loaded Objects now: 1541.
Total: 1.738300 ms (FindLiveObjects: 0.131100 ms CreateObjectMapping: 0.034200 ms MarkObjects: 1.559200 ms  DeleteObjects: 0.012700 ms)

========================================================================
Received Prepare
Registering precompiled user dll's ...
Registered in 0.000878 seconds.
Begin MonoManager ReloadAssembly
Native extension for Lumin target not found
Native extension for WindowsStandalone target not found
Native extension for WebGL target not found
Refreshing native plugins compatible for Editor in 0.18 ms, found 0 plugins.
Preloading 0 native plugins for Editor in 0.00 ms.
Invoked RoslynAnalysisRunner static constructor.
RoslynAnalysisRunner will not be running.
RoslynAnalysisRunner has terminated.
Mono: successfully reloaded assembly
- Completed reload, in  0.704 seconds
Platform modules already initialized, skipping
Refreshing native plugins compatible for Editor in 0.19 ms, found 0 plugins.
Preloading 0 native plugins for Editor in 0.00 ms.
Unloading 1073 Unused Serialized files (Serialized files now loaded: 0)
System memory in use before: 68.0 MB.
System memory in use after: 68.1 MB.

Unloading 4 unused Assets to reduce memory usage. Loaded Objects now: 1543.
Total: 1.588100 ms (FindLiveObjects: 0.121900 ms CreateObjectMapping: 0.040400 ms MarkObjects: 1.410600 ms  DeleteObjects: 0.014100 ms)

========================================================================
Received Import Request.
  Time since last request: 358.311744 seconds.
  path: Assets/Scenes/PlayerInterface.cs
  artifactKey: Guid(3718e75194507a94ea323fc1c277b20f) Importer(815301076,1909f56bfc062723c751e8b465ee728b)
Start importing Assets/Scenes/PlayerInterface.cs using Guid(3718e75194507a94ea323fc1c277b20f) Importer(815301076,1909f56bfc062723c751e8b465ee728b)  -> (artifact id: '9ce7e3b4d863252c3d8a3c0754f878c2') in 0.006261 seconds
  Import took 0.008830 seconds .

========================================================================
Received Import Request.
  Time since last request: 0.005122 seconds.
  path: Assets/Scenes/PlayerInterface.cs
  artifactKey: Guid(3718e75194507a94ea323fc1c277b20f) Importer(815301076,1909f56bfc062723c751e8b465ee728b)
Start importing Assets/Scenes/PlayerInterface.cs using Guid(3718e75194507a94ea323fc1c277b20f) Importer(815301076,1909f56bfc062723c751e8b465ee728b)  -> (artifact id: '9ce7e3b4d863252c3d8a3c0754f878c2') in 0.007186 seconds
  Import took 0.011863 seconds .

========================================================================
Received Import Request.
  Time since last request: 2.056519 seconds.
  path: Assets/Scenes/PowerUpObject.cs
  artifactKey: Guid(00f293b4c603603418267467b0b16e6e) Importer(815301076,1909f56bfc062723c751e8b465ee728b)
Start importing Assets/Scenes/PowerUpObject.cs using Guid(00f293b4c603603418267467b0b16e6e) Importer(815301076,1909f56bfc062723c751e8b465ee728b)  -> (artifact id: '4ce031cf7f4af2b32ee18371dbfeb66e') in 0.006176 seconds
  Import took 0.009157 seconds .

========================================================================
Received Import Request.
  Time since last request: 17.678752 seconds.
  path: Assets/Scenes/PowerUpObject.cs
  artifactKey: Guid(00f293b4c603603418267467b0b16e6e) Importer(815301076,1909f56bfc062723c751e8b465ee728b)
Start importing Assets/Scenes/PowerUpObject.cs using Guid(00f293b4c603603418267467b0b16e6e) Importer(815301076,1909f56bfc062723c751e8b465ee728b)  -> (artifact id: '628681f03541bead040219b0b96fd27e') in 0.004032 seconds
  Import took 0.006328 seconds .

========================================================================
Received Prepare
Registering precompiled user dll's ...
Registered in 0.000767 seconds.
Begin MonoManager ReloadAssembly
Native extension for Lumin target not found
Native extension for WindowsStandalone target not found
Native extension for WebGL target not found
Refreshing native plugins compatible for Editor in 0.19 ms, found 0 plugins.
Preloading 0 native plugins for Editor in 0.00 ms.
Invoked RoslynAnalysisRunner static constructor.
RoslynAnalysisRunner will not be running.
RoslynAnalysisRunner has terminated.
Mono: successfully reloaded assembly
- Completed reload, in  0.830 seconds
Platform modules already initialized, skipping
Refreshing native plugins compatible for Editor in 0.46 ms, found 0 plugins.
Preloading 0 native plugins for Editor in 0.00 ms.
Unloading 1073 Unused Serialized files (Serialized files now loaded: 0)
System memory in use before: 68.0 MB.
System memory in use after: 68.1 MB.

Unloading 4 unused Assets to reduce memory usage. Loaded Objects now: 1545.
Total: 2.734300 ms (FindLiveObjects: 0.174800 ms CreateObjectMapping: 0.039600 ms MarkObjects: 2.497600 ms  DeleteObjects: 0.021100 ms)

========================================================================
Received Import Request.
  Time since last request: 44.185779 seconds.
  path: Assets/Scenes/PlayerInterface.cs
  artifactKey: Guid(3718e75194507a94ea323fc1c277b20f) Importer(815301076,1909f56bfc062723c751e8b465ee728b)
Start importing Assets/Scenes/PlayerInterface.cs using Guid(3718e75194507a94ea323fc1c277b20f) Importer(815301076,1909f56bfc062723c751e8b465ee728b)  -> (artifact id: '4216faf92dc8ea356bfd14e98e1be761') in 0.006023 seconds
  Import took 0.008822 seconds .

========================================================================
Received Import Request.
  Time since last request: 0.025479 seconds.
  path: Assets/Scenes/PlayerInterface.cs
  artifactKey: Guid(3718e75194507a94ea323fc1c277b20f) Importer(815301076,1909f56bfc062723c751e8b465ee728b)
Start importing Assets/Scenes/PlayerInterface.cs using Guid(3718e75194507a94ea323fc1c277b20f) Importer(815301076,1909f56bfc062723c751e8b465ee728b)  -> (artifact id: '4216faf92dc8ea356bfd14e98e1be761') in 0.003613 seconds
  Import took 0.005330 seconds .

AssetImportWorkerClient::OnTransportError - code=2 error=End of file
